0 info it worked if it ends with ok
1 verbose cli [ '/usr/bin/nodejs', '/usr/bin/npm', 'install' ]
2 info using npm@3.5.2
3 info using node@v4.2.6
4 silly loadCurrentTree Starting
5 silly install loadCurrentTree
6 silly install readLocalPackageData
7 silly install normalizeTree
8 silly loadCurrentTree Finishing
9 silly loadIdealTree Starting
10 silly install loadIdealTree
11 silly cloneCurrentTree Starting
12 silly install cloneCurrentTreeToIdealTree
13 silly cloneCurrentTree Finishing
14 silly loadShrinkwrap Starting
15 silly install loadShrinkwrap
16 silly loadShrinkwrap Finishing
17 silly loadAllDepsIntoIdealTree Starting
18 silly install loadAllDepsIntoIdealTree
19 silly loadAllDepsIntoIdealTree Finishing
20 silly idealTree:prePrune smart-zillow@0.0.0
20 silly idealTree:prePrune ├── accepts@1.3.3
20 silly idealTree:prePrune ├── acorn-globals@1.0.9
20 silly idealTree:prePrune ├── acorn@2.7.0
20 silly idealTree:prePrune ├── align-text@0.1.4
20 silly idealTree:prePrune ├── amdefine@1.0.1
20 silly idealTree:prePrune ├── array-flatten@1.1.1
20 silly idealTree:prePrune ├── asap@1.0.0
20 silly idealTree:prePrune ├── async@0.2.10
20 silly idealTree:prePrune ├── basic-auth@1.0.4
20 silly idealTree:prePrune ├── bluebird@2.10.2
20 silly idealTree:prePrune ├── body-parser@1.15.2
20 silly idealTree:prePrune ├── bson@0.5.7
20 silly idealTree:prePrune ├── buffer-shims@1.0.0
20 silly idealTree:prePrune ├── bytes@2.4.0
20 silly idealTree:prePrune ├── camelcase@1.2.1
20 silly idealTree:prePrune ├── center-align@0.1.3
20 silly idealTree:prePrune ├── character-parser@1.2.1
20 silly idealTree:prePrune ├─┬ clean-css@3.4.21
20 silly idealTree:prePrune │ └── commander@2.8.1
20 silly idealTree:prePrune ├── client-sessions@0.7.0
20 silly idealTree:prePrune ├─┬ cliui@2.1.0
20 silly idealTree:prePrune │ └── wordwrap@0.0.2
20 silly idealTree:prePrune ├── commander@2.6.0
20 silly idealTree:prePrune ├── constantinople@3.0.2
20 silly idealTree:prePrune ├── content-disposition@0.5.1
20 silly idealTree:prePrune ├── content-type@1.0.2
20 silly idealTree:prePrune ├── cookie-parser@1.4.3
20 silly idealTree:prePrune ├── cookie-signature@1.0.6
20 silly idealTree:prePrune ├── cookie@0.3.1
20 silly idealTree:prePrune ├── cookies@0.5.0
20 silly idealTree:prePrune ├── core-util-is@1.0.2
20 silly idealTree:prePrune ├── css-parse@1.0.4
20 silly idealTree:prePrune ├── css-stringify@1.0.5
20 silly idealTree:prePrune ├── css@1.0.8
20 silly idealTree:prePrune ├── debug@2.2.0
20 silly idealTree:prePrune ├── decamelize@1.2.0
20 silly idealTree:prePrune ├── depd@1.1.0
20 silly idealTree:prePrune ├── destroy@1.0.4
20 silly idealTree:prePrune ├── ee-first@1.1.1
20 silly idealTree:prePrune ├── encodeurl@1.0.1
20 silly idealTree:prePrune ├── es6-promise@3.2.1
20 silly idealTree:prePrune ├── es6-promisify@3.0.0
20 silly idealTree:prePrune ├── escape-html@1.0.3
20 silly idealTree:prePrune ├── etag@1.7.0
20 silly idealTree:prePrune ├── express@4.14.0
20 silly idealTree:prePrune ├── eyes@0.1.8
20 silly idealTree:prePrune ├── finalhandler@0.5.0
20 silly idealTree:prePrune ├── forwarded@0.1.0
20 silly idealTree:prePrune ├── fresh@0.3.0
20 silly idealTree:prePrune ├── graceful-readlink@1.0.1
20 silly idealTree:prePrune ├── hooks-fixed@1.2.0
20 silly idealTree:prePrune ├── http-errors@1.5.1
20 silly idealTree:prePrune ├── iconv-lite@0.4.13
20 silly idealTree:prePrune ├── inherits@2.0.3
20 silly idealTree:prePrune ├── ipaddr.js@1.1.1
20 silly idealTree:prePrune ├── is-buffer@1.1.4
20 silly idealTree:prePrune ├── is-promise@2.1.0
20 silly idealTree:prePrune ├── isarray@1.0.0
20 silly idealTree:prePrune ├── jade@1.11.0
20 silly idealTree:prePrune ├─┬ jayson@2.0.2
20 silly idealTree:prePrune │ ├── commander@1.3.2
20 silly idealTree:prePrune │ └── lodash@3.6.0
20 silly idealTree:prePrune ├── json-stringify-safe@5.0.1
20 silly idealTree:prePrune ├── jsonparse@1.0.0
20 silly idealTree:prePrune ├── JSONStream@1.0.3
20 silly idealTree:prePrune ├── jstransformer@0.0.2
20 silly idealTree:prePrune ├── kareem@1.1.3
20 silly idealTree:prePrune ├── keygrip@1.0.1
20 silly idealTree:prePrune ├── keypress@0.1.0
20 silly idealTree:prePrune ├── kind-of@3.0.4
20 silly idealTree:prePrune ├── lazy-cache@1.0.4
20 silly idealTree:prePrune ├── lodash@4.17.2
20 silly idealTree:prePrune ├── longest@1.0.1
20 silly idealTree:prePrune ├── media-typer@0.3.0
20 silly idealTree:prePrune ├── merge-descriptors@1.0.1
20 silly idealTree:prePrune ├── methods@1.1.2
20 silly idealTree:prePrune ├── mime-db@1.25.0
20 silly idealTree:prePrune ├── mime-types@2.1.13
20 silly idealTree:prePrune ├── mime@1.3.4
20 silly idealTree:prePrune ├── minimist@0.0.8
20 silly idealTree:prePrune ├── mkdirp@0.5.1
20 silly idealTree:prePrune ├── mongodb-core@2.0.13
20 silly idealTree:prePrune ├── mongodb@2.2.11
20 silly idealTree:prePrune ├─┬ mongoose@4.6.8
20 silly idealTree:prePrune │ └── async@2.1.2
20 silly idealTree:prePrune ├── morgan@1.7.0
20 silly idealTree:prePrune ├── mpath@0.2.1
20 silly idealTree:prePrune ├── mpromise@0.5.5
20 silly idealTree:prePrune ├─┬ mquery@2.0.0
20 silly idealTree:prePrune │ └── sliced@0.0.5
20 silly idealTree:prePrune ├── ms@0.7.1
20 silly idealTree:prePrune ├── muri@1.1.1
20 silly idealTree:prePrune ├── negotiator@0.6.1
20 silly idealTree:prePrune ├── on-finished@2.3.0
20 silly idealTree:prePrune ├── on-headers@1.0.1
20 silly idealTree:prePrune ├── optimist@0.3.7
20 silly idealTree:prePrune ├── parseurl@1.3.1
20 silly idealTree:prePrune ├── password-hash@1.2.2
20 silly idealTree:prePrune ├── path-to-regexp@0.1.7
20 silly idealTree:prePrune ├── process-nextick-args@1.0.7
20 silly idealTree:prePrune ├── promise@6.1.0
20 silly idealTree:prePrune ├── proxy-addr@1.1.2
20 silly idealTree:prePrune ├── qs@6.2.0
20 silly idealTree:prePrune ├── range-parser@1.2.0
20 silly idealTree:prePrune ├── raw-body@2.1.7
20 silly idealTree:prePrune ├── readable-stream@2.1.5
20 silly idealTree:prePrune ├── regexp-clone@0.0.1
20 silly idealTree:prePrune ├── repeat-string@1.6.1
20 silly idealTree:prePrune ├── require_optional@1.0.0
20 silly idealTree:prePrune ├── resolve-from@2.0.0
20 silly idealTree:prePrune ├── right-align@0.1.3
20 silly idealTree:prePrune ├── semver@5.3.0
20 silly idealTree:prePrune ├── send@0.14.1
20 silly idealTree:prePrune ├─┬ serve-favicon@2.3.2
20 silly idealTree:prePrune │ └── ms@0.7.2
20 silly idealTree:prePrune ├── serve-static@1.11.1
20 silly idealTree:prePrune ├── setprototypeof@1.0.2
20 silly idealTree:prePrune ├── sliced@1.0.1
20 silly idealTree:prePrune ├── source-map@0.4.4
20 silly idealTree:prePrune ├── statuses@1.3.1
20 silly idealTree:prePrune ├── string_decoder@0.10.31
20 silly idealTree:prePrune ├── through@2.3.8
20 silly idealTree:prePrune ├─┬ transformers@2.1.0
20 silly idealTree:prePrune │ ├── is-promise@1.0.1
20 silly idealTree:prePrune │ ├── promise@2.0.0
20 silly idealTree:prePrune │ ├── source-map@0.1.43
20 silly idealTree:prePrune │ └── uglify-js@2.2.5
20 silly idealTree:prePrune ├── type-is@1.6.13
20 silly idealTree:prePrune ├─┬ uglify-js@2.7.4
20 silly idealTree:prePrune │ └── source-map@0.5.6
20 silly idealTree:prePrune ├── uglify-to-browserify@1.0.2
20 silly idealTree:prePrune ├── unpipe@1.0.0
20 silly idealTree:prePrune ├── util-deprecate@1.0.2
20 silly idealTree:prePrune ├── utils-merge@1.0.0
20 silly idealTree:prePrune ├── vary@1.1.0
20 silly idealTree:prePrune ├── void-elements@2.0.1
20 silly idealTree:prePrune ├── window-size@0.1.0
20 silly idealTree:prePrune ├─┬ with@4.0.3
20 silly idealTree:prePrune │ └── acorn@1.2.2
20 silly idealTree:prePrune ├── wordwrap@0.0.3
20 silly idealTree:prePrune └── yargs@3.10.0
21 silly loadIdealTree Finishing
22 silly currentTree smart-zillow@0.0.0
22 silly currentTree ├── accepts@1.3.3
22 silly currentTree ├── acorn-globals@1.0.9
22 silly currentTree ├── acorn@2.7.0
22 silly currentTree ├── align-text@0.1.4
22 silly currentTree ├── amdefine@1.0.1
22 silly currentTree ├── array-flatten@1.1.1
22 silly currentTree ├── asap@1.0.0
22 silly currentTree ├── async@0.2.10
22 silly currentTree ├── basic-auth@1.0.4
22 silly currentTree ├── bluebird@2.10.2
22 silly currentTree ├── body-parser@1.15.2
22 silly currentTree ├── bson@0.5.7
22 silly currentTree ├── buffer-shims@1.0.0
22 silly currentTree ├── bytes@2.4.0
22 silly currentTree ├── camelcase@1.2.1
22 silly currentTree ├── center-align@0.1.3
22 silly currentTree ├── character-parser@1.2.1
22 silly currentTree ├─┬ clean-css@3.4.21
22 silly currentTree │ └── commander@2.8.1
22 silly currentTree ├── client-sessions@0.7.0
22 silly currentTree ├─┬ cliui@2.1.0
22 silly currentTree │ └── wordwrap@0.0.2
22 silly currentTree ├── commander@2.6.0
22 silly currentTree ├── constantinople@3.0.2
22 silly currentTree ├── content-disposition@0.5.1
22 silly currentTree ├── content-type@1.0.2
22 silly currentTree ├── cookie-parser@1.4.3
22 silly currentTree ├── cookie-signature@1.0.6
22 silly currentTree ├── cookie@0.3.1
22 silly currentTree ├── cookies@0.5.0
22 silly currentTree ├── core-util-is@1.0.2
22 silly currentTree ├── css-parse@1.0.4
22 silly currentTree ├── css-stringify@1.0.5
22 silly currentTree ├── css@1.0.8
22 silly currentTree ├── debug@2.2.0
22 silly currentTree ├── decamelize@1.2.0
22 silly currentTree ├── depd@1.1.0
22 silly currentTree ├── destroy@1.0.4
22 silly currentTree ├── ee-first@1.1.1
22 silly currentTree ├── encodeurl@1.0.1
22 silly currentTree ├── es6-promise@3.2.1
22 silly currentTree ├── es6-promisify@3.0.0
22 silly currentTree ├── escape-html@1.0.3
22 silly currentTree ├── etag@1.7.0
22 silly currentTree ├── express@4.14.0
22 silly currentTree ├── eyes@0.1.8
22 silly currentTree ├── finalhandler@0.5.0
22 silly currentTree ├── forwarded@0.1.0
22 silly currentTree ├── fresh@0.3.0
22 silly currentTree ├── graceful-readlink@1.0.1
22 silly currentTree ├── hooks-fixed@1.2.0
22 silly currentTree ├── http-errors@1.5.1
22 silly currentTree ├── iconv-lite@0.4.13
22 silly currentTree ├── inherits@2.0.3
22 silly currentTree ├── ipaddr.js@1.1.1
22 silly currentTree ├── is-buffer@1.1.4
22 silly currentTree ├── is-promise@2.1.0
22 silly currentTree ├── isarray@1.0.0
22 silly currentTree ├── jade@1.11.0
22 silly currentTree ├─┬ jayson@2.0.2
22 silly currentTree │ ├── commander@1.3.2
22 silly currentTree │ └── lodash@3.6.0
22 silly currentTree ├── json-stringify-safe@5.0.1
22 silly currentTree ├── jsonparse@1.0.0
22 silly currentTree ├── JSONStream@1.0.3
22 silly currentTree ├── jstransformer@0.0.2
22 silly currentTree ├── kareem@1.1.3
22 silly currentTree ├── keygrip@1.0.1
22 silly currentTree ├── keypress@0.1.0
22 silly currentTree ├── kind-of@3.0.4
22 silly currentTree ├── lazy-cache@1.0.4
22 silly currentTree ├── lodash@4.17.2
22 silly currentTree ├── longest@1.0.1
22 silly currentTree ├── media-typer@0.3.0
22 silly currentTree ├── merge-descriptors@1.0.1
22 silly currentTree ├── methods@1.1.2
22 silly currentTree ├── mime-db@1.25.0
22 silly currentTree ├── mime-types@2.1.13
22 silly currentTree ├── mime@1.3.4
22 silly currentTree ├── minimist@0.0.8
22 silly currentTree ├── mkdirp@0.5.1
22 silly currentTree ├── mongodb-core@2.0.13
22 silly currentTree ├── mongodb@2.2.11
22 silly currentTree ├─┬ mongoose@4.6.8
22 silly currentTree │ └── async@2.1.2
22 silly currentTree ├── morgan@1.7.0
22 silly currentTree ├── mpath@0.2.1
22 silly currentTree ├── mpromise@0.5.5
22 silly currentTree ├─┬ mquery@2.0.0
22 silly currentTree │ └── sliced@0.0.5
22 silly currentTree ├── ms@0.7.1
22 silly currentTree ├── muri@1.1.1
22 silly currentTree ├── negotiator@0.6.1
22 silly currentTree ├── on-finished@2.3.0
22 silly currentTree ├── on-headers@1.0.1
22 silly currentTree ├── optimist@0.3.7
22 silly currentTree ├── parseurl@1.3.1
22 silly currentTree ├── password-hash@1.2.2
22 silly currentTree ├── path-to-regexp@0.1.7
22 silly currentTree ├── process-nextick-args@1.0.7
22 silly currentTree ├── promise@6.1.0
22 silly currentTree ├── proxy-addr@1.1.2
22 silly currentTree ├── qs@6.2.0
22 silly currentTree ├── range-parser@1.2.0
22 silly currentTree ├── raw-body@2.1.7
22 silly currentTree ├── readable-stream@2.1.5
22 silly currentTree ├── regexp-clone@0.0.1
22 silly currentTree ├── repeat-string@1.6.1
22 silly currentTree ├── require_optional@1.0.0
22 silly currentTree ├── resolve-from@2.0.0
22 silly currentTree ├── right-align@0.1.3
22 silly currentTree ├── semver@5.3.0
22 silly currentTree ├── send@0.14.1
22 silly currentTree ├─┬ serve-favicon@2.3.2
22 silly currentTree │ └── ms@0.7.2
22 silly currentTree ├── serve-static@1.11.1
22 silly currentTree ├── setprototypeof@1.0.2
22 silly currentTree ├── sliced@1.0.1
22 silly currentTree ├── source-map@0.4.4
22 silly currentTree ├── statuses@1.3.1
22 silly currentTree ├── string_decoder@0.10.31
22 silly currentTree ├── through@2.3.8
22 silly currentTree ├─┬ transformers@2.1.0
22 silly currentTree │ ├── is-promise@1.0.1
22 silly currentTree │ ├── promise@2.0.0
22 silly currentTree │ ├── source-map@0.1.43
22 silly currentTree │ └── uglify-js@2.2.5
22 silly currentTree ├── type-is@1.6.13
22 silly currentTree ├─┬ uglify-js@2.7.4
22 silly currentTree │ └── source-map@0.5.6
22 silly currentTree ├── uglify-to-browserify@1.0.2
22 silly currentTree ├── unpipe@1.0.0
22 silly currentTree ├── util-deprecate@1.0.2
22 silly currentTree ├── utils-merge@1.0.0
22 silly currentTree ├── vary@1.1.0
22 silly currentTree ├── void-elements@2.0.1
22 silly currentTree ├── window-size@0.1.0
22 silly currentTree ├─┬ with@4.0.3
22 silly currentTree │ └── acorn@1.2.2
22 silly currentTree ├── wordwrap@0.0.3
22 silly currentTree └── yargs@3.10.0
23 silly idealTree smart-zillow@0.0.0
23 silly idealTree ├── accepts@1.3.3
23 silly idealTree ├── acorn-globals@1.0.9
23 silly idealTree ├── acorn@2.7.0
23 silly idealTree ├── align-text@0.1.4
23 silly idealTree ├── amdefine@1.0.1
23 silly idealTree ├── array-flatten@1.1.1
23 silly idealTree ├── asap@1.0.0
23 silly idealTree ├── async@0.2.10
23 silly idealTree ├── basic-auth@1.0.4
23 silly idealTree ├── bluebird@2.10.2
23 silly idealTree ├── body-parser@1.15.2
23 silly idealTree ├── bson@0.5.7
23 silly idealTree ├── buffer-shims@1.0.0
23 silly idealTree ├── bytes@2.4.0
23 silly idealTree ├── camelcase@1.2.1
23 silly idealTree ├── center-align@0.1.3
23 silly idealTree ├── character-parser@1.2.1
23 silly idealTree ├─┬ clean-css@3.4.21
23 silly idealTree │ └── commander@2.8.1
23 silly idealTree ├── client-sessions@0.7.0
23 silly idealTree ├─┬ cliui@2.1.0
23 silly idealTree │ └── wordwrap@0.0.2
23 silly idealTree ├── commander@2.6.0
23 silly idealTree ├── constantinople@3.0.2
23 silly idealTree ├── content-disposition@0.5.1
23 silly idealTree ├── content-type@1.0.2
23 silly idealTree ├── cookie-parser@1.4.3
23 silly idealTree ├── cookie-signature@1.0.6
23 silly idealTree ├── cookie@0.3.1
23 silly idealTree ├── cookies@0.5.0
23 silly idealTree ├── core-util-is@1.0.2
23 silly idealTree ├── css-parse@1.0.4
23 silly idealTree ├── css-stringify@1.0.5
23 silly idealTree ├── css@1.0.8
23 silly idealTree ├── debug@2.2.0
23 silly idealTree ├── decamelize@1.2.0
23 silly idealTree ├── depd@1.1.0
23 silly idealTree ├── destroy@1.0.4
23 silly idealTree ├── ee-first@1.1.1
23 silly idealTree ├── encodeurl@1.0.1
23 silly idealTree ├── es6-promise@3.2.1
23 silly idealTree ├── es6-promisify@3.0.0
23 silly idealTree ├── escape-html@1.0.3
23 silly idealTree ├── etag@1.7.0
23 silly idealTree ├── express@4.14.0
23 silly idealTree ├── eyes@0.1.8
23 silly idealTree ├── finalhandler@0.5.0
23 silly idealTree ├── forwarded@0.1.0
23 silly idealTree ├── fresh@0.3.0
23 silly idealTree ├── graceful-readlink@1.0.1
23 silly idealTree ├── hooks-fixed@1.2.0
23 silly idealTree ├── http-errors@1.5.1
23 silly idealTree ├── iconv-lite@0.4.13
23 silly idealTree ├── inherits@2.0.3
23 silly idealTree ├── ipaddr.js@1.1.1
23 silly idealTree ├── is-buffer@1.1.4
23 silly idealTree ├── is-promise@2.1.0
23 silly idealTree ├── isarray@1.0.0
23 silly idealTree ├── jade@1.11.0
23 silly idealTree ├─┬ jayson@2.0.2
23 silly idealTree │ ├── commander@1.3.2
23 silly idealTree │ └── lodash@3.6.0
23 silly idealTree ├── json-stringify-safe@5.0.1
23 silly idealTree ├── jsonparse@1.0.0
23 silly idealTree ├── JSONStream@1.0.3
23 silly idealTree ├── jstransformer@0.0.2
23 silly idealTree ├── kareem@1.1.3
23 silly idealTree ├── keygrip@1.0.1
23 silly idealTree ├── keypress@0.1.0
23 silly idealTree ├── kind-of@3.0.4
23 silly idealTree ├── lazy-cache@1.0.4
23 silly idealTree ├── lodash@4.17.2
23 silly idealTree ├── longest@1.0.1
23 silly idealTree ├── media-typer@0.3.0
23 silly idealTree ├── merge-descriptors@1.0.1
23 silly idealTree ├── methods@1.1.2
23 silly idealTree ├── mime-db@1.25.0
23 silly idealTree ├── mime-types@2.1.13
23 silly idealTree ├── mime@1.3.4
23 silly idealTree ├── minimist@0.0.8
23 silly idealTree ├── mkdirp@0.5.1
23 silly idealTree ├── mongodb-core@2.0.13
23 silly idealTree ├── mongodb@2.2.11
23 silly idealTree ├─┬ mongoose@4.6.8
23 silly idealTree │ └── async@2.1.2
23 silly idealTree ├── morgan@1.7.0
23 silly idealTree ├── mpath@0.2.1
23 silly idealTree ├── mpromise@0.5.5
23 silly idealTree ├─┬ mquery@2.0.0
23 silly idealTree │ └── sliced@0.0.5
23 silly idealTree ├── ms@0.7.1
23 silly idealTree ├── muri@1.1.1
23 silly idealTree ├── negotiator@0.6.1
23 silly idealTree ├── on-finished@2.3.0
23 silly idealTree ├── on-headers@1.0.1
23 silly idealTree ├── optimist@0.3.7
23 silly idealTree ├── parseurl@1.3.1
23 silly idealTree ├── password-hash@1.2.2
23 silly idealTree ├── path-to-regexp@0.1.7
23 silly idealTree ├── process-nextick-args@1.0.7
23 silly idealTree ├── promise@6.1.0
23 silly idealTree ├── proxy-addr@1.1.2
23 silly idealTree ├── qs@6.2.0
23 silly idealTree ├── range-parser@1.2.0
23 silly idealTree ├── raw-body@2.1.7
23 silly idealTree ├── readable-stream@2.1.5
23 silly idealTree ├── regexp-clone@0.0.1
23 silly idealTree ├── repeat-string@1.6.1
23 silly idealTree ├── require_optional@1.0.0
23 silly idealTree ├── resolve-from@2.0.0
23 silly idealTree ├── right-align@0.1.3
23 silly idealTree ├── semver@5.3.0
23 silly idealTree ├── send@0.14.1
23 silly idealTree ├─┬ serve-favicon@2.3.2
23 silly idealTree │ └── ms@0.7.2
23 silly idealTree ├── serve-static@1.11.1
23 silly idealTree ├── setprototypeof@1.0.2
23 silly idealTree ├── sliced@1.0.1
23 silly idealTree ├── source-map@0.4.4
23 silly idealTree ├── statuses@1.3.1
23 silly idealTree ├── string_decoder@0.10.31
23 silly idealTree ├── through@2.3.8
23 silly idealTree ├─┬ transformers@2.1.0
23 silly idealTree │ ├── is-promise@1.0.1
23 silly idealTree │ ├── promise@2.0.0
23 silly idealTree │ ├── source-map@0.1.43
23 silly idealTree │ └── uglify-js@2.2.5
23 silly idealTree ├── type-is@1.6.13
23 silly idealTree ├─┬ uglify-js@2.7.4
23 silly idealTree │ └── source-map@0.5.6
23 silly idealTree ├── uglify-to-browserify@1.0.2
23 silly idealTree ├── unpipe@1.0.0
23 silly idealTree ├── util-deprecate@1.0.2
23 silly idealTree ├── utils-merge@1.0.0
23 silly idealTree ├── vary@1.1.0
23 silly idealTree ├── void-elements@2.0.1
23 silly idealTree ├── window-size@0.1.0
23 silly idealTree ├─┬ with@4.0.3
23 silly idealTree │ └── acorn@1.2.2
23 silly idealTree ├── wordwrap@0.0.3
23 silly idealTree └── yargs@3.10.0
24 silly generateActionsToTake Starting
25 silly install generateActionsToTake
26 silly generateActionsToTake Finishing
27 silly diffTrees action count 3
28 silly diffTrees update client-sessions@0.7.0
29 silly diffTrees update mongoose@4.6.8
30 silly diffTrees update password-hash@1.2.2
31 silly decomposeActions action count 24
32 silly decomposeActions fetch client-sessions@0.7.0
33 silly decomposeActions extract client-sessions@0.7.0
34 silly decomposeActions test client-sessions@0.7.0
35 silly decomposeActions preinstall client-sessions@0.7.0
36 silly decomposeActions build client-sessions@0.7.0
37 silly decomposeActions install client-sessions@0.7.0
38 silly decomposeActions postinstall client-sessions@0.7.0
39 silly decomposeActions finalize client-sessions@0.7.0
40 silly decomposeActions fetch mongoose@4.6.8
41 silly decomposeActions extract mongoose@4.6.8
42 silly decomposeActions test mongoose@4.6.8
43 silly decomposeActions preinstall mongoose@4.6.8
44 silly decomposeActions build mongoose@4.6.8
45 silly decomposeActions install mongoose@4.6.8
46 silly decomposeActions postinstall mongoose@4.6.8
47 silly decomposeActions finalize mongoose@4.6.8
48 silly decomposeActions fetch password-hash@1.2.2
49 silly decomposeActions extract password-hash@1.2.2
50 silly decomposeActions test password-hash@1.2.2
51 silly decomposeActions preinstall password-hash@1.2.2
52 silly decomposeActions build password-hash@1.2.2
53 silly decomposeActions install password-hash@1.2.2
54 silly decomposeActions postinstall password-hash@1.2.2
55 silly decomposeActions finalize password-hash@1.2.2
56 silly executeActions Starting
57 silly install executeActions
58 silly doSerial global-install 0
59 silly doParallel fetch 3
60 verbose lock using /home/kai/.npm/_locks/staging-5d9e2383478f64af.lock for /home/kai/Documents/Smart_Zillow/web_server/node_modules/.staging
61 silly doParallel extract 3
62 silly extract client-sessions@0.7.0
63 silly extract mongoose@4.6.8
64 silly extract password-hash@1.2.2
65 verbose unbuild node_modules/.staging/mongoose-b352a8bc
66 verbose unbuild node_modules/.staging/client-sessions-0bc86d56
67 verbose unbuild node_modules/.staging/password-hash-dce5bb33
68 silly gentlyRm /home/kai/Documents/Smart_Zillow/web_server/node_modules/.staging/mongoose-b352a8bc is being purged from base /home/kai/Documents/Smart_Zillow/web_server
69 verbose gentlyRm don't care about contents; nuking /home/kai/Documents/Smart_Zillow/web_server/node_modules/.staging/mongoose-b352a8bc
70 silly gentlyRm /home/kai/Documents/Smart_Zillow/web_server/node_modules/.staging/client-sessions-0bc86d56 is being purged from base /home/kai/Documents/Smart_Zillow/web_server
71 verbose gentlyRm don't care about contents; nuking /home/kai/Documents/Smart_Zillow/web_server/node_modules/.staging/client-sessions-0bc86d56
72 silly gentlyRm /home/kai/Documents/Smart_Zillow/web_server/node_modules/.staging/password-hash-dce5bb33 is being purged from base /home/kai/Documents/Smart_Zillow/web_server
73 verbose gentlyRm don't care about contents; nuking /home/kai/Documents/Smart_Zillow/web_server/node_modules/.staging/password-hash-dce5bb33
74 verbose tar unpack /home/kai/.npm/mongoose/4.6.8/package.tgz
75 verbose tar unpacking to /home/kai/Documents/Smart_Zillow/web_server/node_modules/.staging/mongoose-b352a8bc
76 silly gentlyRm /home/kai/Documents/Smart_Zillow/web_server/node_modules/.staging/mongoose-b352a8bc is being purged
77 verbose gentlyRm don't care about contents; nuking /home/kai/Documents/Smart_Zillow/web_server/node_modules/.staging/mongoose-b352a8bc
78 verbose tar unpack /home/kai/.npm/client-sessions/0.7.0/package.tgz
79 verbose tar unpacking to /home/kai/Documents/Smart_Zillow/web_server/node_modules/.staging/client-sessions-0bc86d56
80 silly gentlyRm /home/kai/Documents/Smart_Zillow/web_server/node_modules/.staging/client-sessions-0bc86d56 is being purged
81 verbose gentlyRm don't care about contents; nuking /home/kai/Documents/Smart_Zillow/web_server/node_modules/.staging/client-sessions-0bc86d56
82 verbose tar unpack /home/kai/.npm/password-hash/1.2.2/package.tgz
83 verbose tar unpacking to /home/kai/Documents/Smart_Zillow/web_server/node_modules/.staging/password-hash-dce5bb33
84 silly gentlyRm /home/kai/Documents/Smart_Zillow/web_server/node_modules/.staging/password-hash-dce5bb33 is being purged
85 verbose gentlyRm don't care about contents; nuking /home/kai/Documents/Smart_Zillow/web_server/node_modules/.staging/password-hash-dce5bb33
86 silly gunzTarPerm modes [ '775', '664' ]
87 silly gunzTarPerm modes [ '775', '664' ]
88 silly gunzTarPerm modes [ '775', '664' ]
89 silly gunzTarPerm extractEntry package.json
90 silly gunzTarPerm extractEntry package.json
91 silly gunzTarPerm modified mode [ 'package.json', 438, 436 ]
92 silly gunzTarPerm extractEntry package.json
93 silly gunzTarPerm modified mode [ 'package.json', 420, 436 ]
94 silly gunzTarPerm extractEntry .npmignore
95 silly gunzTarPerm extractEntry README.md
96 silly gunzTarPerm extractEntry .npmignore
97 silly gunzTarPerm modified mode [ '.npmignore', 438, 436 ]
98 silly gunzTarPerm extractEntry README.md
99 silly gunzTarPerm modified mode [ 'README.md', 438, 436 ]
100 silly gunzTarPerm extractEntry .npmignore
101 silly gunzTarPerm modified mode [ '.npmignore', 420, 436 ]
102 silly gunzTarPerm extractEntry README.md
103 silly gunzTarPerm modified mode [ 'README.md', 420, 436 ]
104 silly gunzTarPerm extractEntry website.js
105 silly gunzTarPerm extractEntry LICENSE
106 silly gunzTarPerm modified mode [ 'LICENSE', 438, 436 ]
107 silly gunzTarPerm extractEntry .jshintrc
108 silly gunzTarPerm modified mode [ '.jshintrc', 438, 436 ]
109 silly gunzTarPerm extractEntry .travis.yml
110 silly gunzTarPerm modified mode [ '.travis.yml', 438, 436 ]
111 silly gunzTarPerm extractEntry ChangeLog
112 silly gunzTarPerm modified mode [ 'ChangeLog', 438, 436 ]
113 silly gunzTarPerm extractEntry lib/client-sessions.js
114 silly gunzTarPerm modified mode [ 'lib/client-sessions.js', 438, 436 ]
115 silly gunzTarPerm extractEntry test/all-test.js
116 silly gunzTarPerm modified mode [ 'test/all-test.js', 438, 436 ]
117 silly gunzTarPerm extractEntry LICENSE
118 silly gunzTarPerm modified mode [ 'LICENSE', 420, 436 ]
119 silly gunzTarPerm extractEntry .package.json.un~
120 silly gunzTarPerm modified mode [ '.package.json.un~', 420, 436 ]
121 silly gunzTarPerm extractEntry index.js
122 silly gunzTarPerm extractEntry static.js
123 silly gunzTarPerm extractEntry .travis.yml
124 silly gunzTarPerm modified mode [ '.travis.yml', 420, 436 ]
125 silly gunzTarPerm extractEntry Makefile
126 silly gunzTarPerm modified mode [ 'Makefile', 420, 436 ]
127 silly gunzTarPerm extractEntry History.md
128 silly gunzTarPerm extractEntry .eslintrc.yml
129 silly gunzTarPerm extractEntry bin/nodepw
130 silly gunzTarPerm modified mode [ 'bin/nodepw', 493, 509 ]
131 silly gunzTarPerm extractEntry lib/password-hash.js
132 silly gunzTarPerm modified mode [ 'lib/password-hash.js', 420, 436 ]
133 silly gunzTarPerm extractEntry .eslintignore
134 silly gunzTarPerm extractEntry examples/README.md
135 silly gunzTarPerm extractEntry test/index.js
136 silly gunzTarPerm modified mode [ 'test/index.js', 420, 436 ]
137 silly gunzTarPerm extractEntry examples/doc-methods.js
138 silly gunzTarPerm extractEntry examples/statics/person.js
139 silly gunzTarPerm extractEntry examples/statics/statics.js
140 silly gunzTarPerm extractEntry examples/express/README.md
141 silly gunzTarPerm extractEntry examples/express/connection-sharing/package.json
142 silly gunzTarPerm extractEntry examples/express/connection-sharing/README.md
143 silly gunzTarPerm extractEntry examples/express/connection-sharing/app.js
144 silly gunzTarPerm extractEntry examples/express/connection-sharing/modelA.js
145 silly gunzTarPerm extractEntry examples/express/connection-sharing/routes.js
146 silly gunzTarPerm extractEntry examples/geospatial/package.json
147 silly gunzTarPerm extractEntry examples/geospatial/geoJSONSchema.js
148 silly gunzTarPerm extractEntry examples/geospatial/geoJSONexample.js
149 silly gunzTarPerm extractEntry examples/geospatial/geospatial.js
150 silly gunzTarPerm extractEntry examples/geospatial/person.js
151 silly gunzTarPerm extractEntry examples/globalschemas/gs_example.js
152 silly gunzTarPerm extractEntry examples/globalschemas/person.js
153 silly gunzTarPerm extractEntry examples/lean/package.json
154 silly gunzTarPerm extractEntry examples/lean/lean.js
155 silly gunzTarPerm extractEntry examples/lean/person.js
156 silly gentlyRm /home/kai/Documents/Smart_Zillow/web_server/node_modules/.staging/client-sessions-0bc86d56/node_modules is being purged
157 verbose gentlyRm don't care about contents; nuking /home/kai/Documents/Smart_Zillow/web_server/node_modules/.staging/client-sessions-0bc86d56/node_modules
158 silly gentlyRm /home/kai/Documents/Smart_Zillow/web_server/node_modules/.staging/password-hash-dce5bb33/node_modules is being purged
159 verbose gentlyRm don't care about contents; nuking /home/kai/Documents/Smart_Zillow/web_server/node_modules/.staging/password-hash-dce5bb33/node_modules
160 silly gunzTarPerm extractEntry examples/aggregate/package.json
161 silly gunzTarPerm extractEntry examples/aggregate/aggregate.js
162 silly gunzTarPerm extractEntry examples/aggregate/person.js
163 silly gunzTarPerm extractEntry examples/population/population-across-three-collections.js
164 silly gunzTarPerm extractEntry examples/population/population-basic.js
165 silly gunzTarPerm extractEntry examples/population/population-of-existing-doc.js
166 silly gunzTarPerm extractEntry examples/population/population-of-multiple-existing-docs.js
167 silly gunzTarPerm extractEntry examples/population/population-options.js
168 silly gunzTarPerm extractEntry examples/population/population-plain-objects.js
169 silly gunzTarPerm extractEntry examples/promises/package.json
170 silly gunzTarPerm extractEntry examples/promises/person.js
171 silly gunzTarPerm extractEntry examples/promises/promise.js
172 silly gunzTarPerm extractEntry examples/querybuilder/package.json
173 silly gunzTarPerm extractEntry examples/querybuilder/person.js
174 silly gunzTarPerm extractEntry examples/querybuilder/querybuilder.js
175 silly gunzTarPerm extractEntry examples/replicasets/package.json
176 silly gunzTarPerm extractEntry examples/replicasets/person.js
177 silly gunzTarPerm extractEntry examples/replicasets/replica-sets.js
178 silly gunzTarPerm extractEntry examples/schema/schema.js
179 silly gunzTarPerm extractEntry examples/schema/storing-schemas-as-json/index.js
180 silly gunzTarPerm extractEntry examples/schema/storing-schemas-as-json/schema.json
181 silly gunzTarPerm extractEntry examples/mapreduce/package.json
182 silly gunzTarPerm extractEntry examples/mapreduce/mapreduce.js
183 silly gunzTarPerm extractEntry examples/mapreduce/person.js
184 silly gunzTarPerm extractEntry .travis.yml
185 silly gunzTarPerm extractEntry lib/ES6Promise.js
186 silly gunzTarPerm extractEntry lib/document_provider.js
187 silly gunzTarPerm extractEntry lib/document_provider.web.js
188 silly gunzTarPerm extractEntry lib/utils.js
189 silly gunzTarPerm extractEntry lib/statemachine.js
190 silly gunzTarPerm extractEntry lib/document.js
191 silly gunzTarPerm extractEntry lib/index.js
192 silly gunzTarPerm extractEntry lib/aggregate.js
193 silly gunzTarPerm extractEntry lib/model.js
194 silly gunzTarPerm extractEntry lib/promise.js
195 silly gunzTarPerm extractEntry lib/promise_provider.js
196 silly gunzTarPerm extractEntry lib/connectionstate.js
197 silly gunzTarPerm extractEntry lib/query.js
198 silly gunzTarPerm extractEntry lib/connection.js
199 silly gunzTarPerm extractEntry lib/querycursor.js
200 silly gunzTarPerm extractEntry lib/collection.js
201 silly gunzTarPerm extractEntry lib/queryhelpers.js
202 silly gunzTarPerm extractEntry lib/cast.js
203 silly gunzTarPerm extractEntry lib/querystream.js
204 silly gunzTarPerm extractEntry lib/browserDocument.js
205 silly gunzTarPerm extractEntry lib/schematype.js
206 silly gunzTarPerm extractEntry lib/browser.js
207 silly gunzTarPerm extractEntry lib/schema.js
208 silly gunzTarPerm extractEntry lib/error.js
209 silly gunzTarPerm extractEntry lib/virtualtype.js
210 silly gunzTarPerm extractEntry lib/internal.js
211 silly gunzTarPerm extractEntry lib/schema/array.js
212 silly gunzTarPerm extractEntry lib/schema/buffer.js
213 silly gunzTarPerm extractEntry lib/schema/date.js
214 silly gunzTarPerm extractEntry lib/schema/documentarray.js
215 silly gunzTarPerm extractEntry lib/schema/embedded.js
216 silly gunzTarPerm extractEntry lib/schema/boolean.js
217 silly gunzTarPerm extractEntry lib/schema/mixed.js
218 silly gunzTarPerm extractEntry lib/schema/number.js
219 silly gunzTarPerm extractEntry lib/schema/objectid.js
220 silly gunzTarPerm extractEntry lib/schema/string.js
221 silly gunzTarPerm extractEntry lib/schema/index.js
222 silly gunzTarPerm extractEntry lib/schema/operators/bitwise.js
223 silly gunzTarPerm extractEntry lib/schema/operators/geospatial.js
224 silly gunzTarPerm extractEntry lib/schema/operators/helpers.js
225 silly gunzTarPerm extractEntry lib/services/common.js
226 silly gunzTarPerm extractEntry lib/services/setDefaultsOnInsert.js
227 silly gunzTarPerm extractEntry lib/services/updateValidators.js
228 silly gunzTarPerm extractEntry lib/error/browserMissingSchema.js
229 silly gunzTarPerm extractEntry lib/error/disconnected.js
230 silly gunzTarPerm extractEntry lib/error/divergentArray.js
231 silly gunzTarPerm extractEntry lib/error/messages.js
232 silly gunzTarPerm extractEntry lib/error/missingSchema.js
233 silly gunzTarPerm extractEntry lib/error/cast.js
234 silly gunzTarPerm extractEntry lib/error/overwriteModel.js
235 silly gunzTarPerm extractEntry lib/error/strict.js
236 silly gunzTarPerm extractEntry lib/error/validation.js
237 silly gunzTarPerm extractEntry lib/error/validator.js
238 silly gunzTarPerm extractEntry lib/error/version.js
239 silly gunzTarPerm extractEntry lib/error/objectExpected.js
240 silly gunzTarPerm extractEntry lib/types/array.js
241 silly gunzTarPerm extractEntry lib/types/buffer.js
242 silly gunzTarPerm extractEntry lib/types/documentarray.js
243 silly gunzTarPerm extractEntry lib/types/embedded.js
244 silly gunzTarPerm extractEntry lib/types/index.js
245 silly gunzTarPerm extractEntry lib/types/objectid.js
246 silly gunzTarPerm extractEntry lib/types/subdocument.js
247 silly gunzTarPerm extractEntry lib/drivers/index.js
248 silly gunzTarPerm extractEntry lib/drivers/index.web.js
249 silly gunzTarPerm extractEntry lib/drivers/SPEC.md
250 silly gunzTarPerm extractEntry lib/drivers/browser/ReadPreference.js
251 silly gunzTarPerm extractEntry lib/drivers/browser/binary.js
252 silly gunzTarPerm extractEntry lib/drivers/browser/index.js
253 silly gunzTarPerm extractEntry lib/drivers/browser/objectid.js
254 silly gunzTarPerm extractEntry lib/drivers/node-mongodb-native/ReadPreference.js
255 silly gunzTarPerm extractEntry lib/drivers/node-mongodb-native/binary.js
256 silly gunzTarPerm extractEntry lib/drivers/node-mongodb-native/collection.js
257 silly gunzTarPerm extractEntry lib/drivers/node-mongodb-native/connection.js
258 silly gunzTarPerm extractEntry lib/drivers/node-mongodb-native/index.js
259 silly gunzTarPerm extractEntry lib/drivers/node-mongodb-native/objectid.js
260 silly gunzTarPerm extractEntry release-items.md
261 silly gunzTarPerm extractEntry CONTRIBUTING.md
262 silly gentlyRm /home/kai/Documents/Smart_Zillow/web_server/node_modules/.staging/mongoose-b352a8bc/node_modules is being purged
263 verbose gentlyRm don't care about contents; nuking /home/kai/Documents/Smart_Zillow/web_server/node_modules/.staging/mongoose-b352a8bc/node_modules
264 silly doParallel preinstall 3
265 silly preinstall client-sessions@0.7.0 /home/kai/Documents/Smart_Zillow/web_server/node_modules/.staging/client-sessions-0bc86d56
266 info lifecycle client-sessions@0.7.0~preinstall: client-sessions@0.7.0
267 silly preinstall mongoose@4.6.8 /home/kai/Documents/Smart_Zillow/web_server/node_modules/.staging/mongoose-b352a8bc
268 info lifecycle mongoose@4.6.8~preinstall: mongoose@4.6.8
269 silly preinstall password-hash@1.2.2 /home/kai/Documents/Smart_Zillow/web_server/node_modules/.staging/password-hash-dce5bb33
270 info lifecycle password-hash@1.2.2~preinstall: password-hash@1.2.2
271 silly lifecycle client-sessions@0.7.0~preinstall: no script for preinstall, continuing
272 silly lifecycle mongoose@4.6.8~preinstall: no script for preinstall, continuing
273 silly lifecycle password-hash@1.2.2~preinstall: no script for preinstall, continuing
274 silly doReverseSerial remove 0
275 silly doSerial move 0
276 silly doSerial finalize 3
277 silly finalize /home/kai/Documents/Smart_Zillow/web_server/node_modules/client-sessions
278 silly finalize /home/kai/Documents/Smart_Zillow/web_server/node_modules/mongoose
279 verbose unlock done using /home/kai/.npm/_locks/staging-5d9e2383478f64af.lock for /home/kai/Documents/Smart_Zillow/web_server/node_modules/.staging
280 silly rollbackFailedOptional Starting
281 silly rollbackFailedOptional Finishing
282 silly runTopLevelLifecycles Starting
283 silly runTopLevelLifecycles Finishing
284 silly install printInstalled
285 verbose stack Error: EACCES: permission denied, rename '/home/kai/Documents/Smart_Zillow/web_server/node_modules/.mongoose.DELETE/node_modules/async' -> '/home/kai/Documents/Smart_Zillow/web_server/node_modules/mongoose/node_modules/async'
285 verbose stack     at /usr/share/npm/lib/install/action/finalize.js:64:7
285 verbose stack     at /usr/share/npm/node_modules/slide/lib/async-map.js:52:35
285 verbose stack     at Array.forEach (native)
285 verbose stack     at /usr/share/npm/node_modules/slide/lib/async-map.js:52:11
285 verbose stack     at Array.forEach (native)
285 verbose stack     at asyncMap (/usr/share/npm/node_modules/slide/lib/async-map.js:51:8)
285 verbose stack     at moveModules (/usr/share/npm/lib/install/action/finalize.js:61:5)
285 verbose stack     at /usr/share/npm/lib/install/action/finalize.js:56:70
285 verbose stack     at /usr/share/npm/node_modules/mkdirp/index.js:30:20
285 verbose stack     at FSReqWrap.oncomplete (fs.js:82:15)
285 verbose stack
285 verbose stack Error: EACCES: permission denied, rename '/home/kai/Documents/Smart_Zillow/web_server/node_modules/.mongoose.DELETE/node_modules/async' -> '/home/kai/Documents/Smart_Zillow/web_server/node_modules/mongoose/node_modules/async'
285 verbose stack     at Error (native)
286 verbose cwd /home/kai/Documents/Smart_Zillow/web_server
287 error Linux 4.4.0-53-generic
288 error argv "/usr/bin/nodejs" "/usr/bin/npm" "install"
289 error node v4.2.6
290 error npm  v3.5.2
291 error path /home/kai/Documents/Smart_Zillow/web_server/node_modules/.mongoose.DELETE/node_modules/async
292 error code EACCES
293 error errno -13
294 error syscall rename
295 error Error: EACCES: permission denied, rename '/home/kai/Documents/Smart_Zillow/web_server/node_modules/.mongoose.DELETE/node_modules/async' -> '/home/kai/Documents/Smart_Zillow/web_server/node_modules/mongoose/node_modules/async'
295 error     at /usr/share/npm/lib/install/action/finalize.js:64:7
295 error     at /usr/share/npm/node_modules/slide/lib/async-map.js:52:35
295 error     at Array.forEach (native)
295 error     at /usr/share/npm/node_modules/slide/lib/async-map.js:52:11
295 error     at Array.forEach (native)
295 error     at asyncMap (/usr/share/npm/node_modules/slide/lib/async-map.js:51:8)
295 error     at moveModules (/usr/share/npm/lib/install/action/finalize.js:61:5)
295 error     at /usr/share/npm/lib/install/action/finalize.js:56:70
295 error     at /usr/share/npm/node_modules/mkdirp/index.js:30:20
295 error     at FSReqWrap.oncomplete (fs.js:82:15)
295 error
295 error Error: EACCES: permission denied, rename '/home/kai/Documents/Smart_Zillow/web_server/node_modules/.mongoose.DELETE/node_modules/async' -> '/home/kai/Documents/Smart_Zillow/web_server/node_modules/mongoose/node_modules/async'
295 error     at Error (native)
295 error  { [Error: EACCES: permission denied, rename '/home/kai/Documents/Smart_Zillow/web_server/node_modules/.mongoose.DELETE/node_modules/async' -> '/home/kai/Documents/Smart_Zillow/web_server/node_modules/mongoose/node_modules/async'] parent: 'smart-zillow' }
296 error Please try running this command again as root/Administrator.
297 verbose exit [ -13, true ]
